TN:
SF:D:\Software_Projects\MDLO\src\CompetentieAppFrontend\CompetentieAppFrontend.Api\ClientApp\src\polyfills.ts
FNF:0
FNH:0
LF:0
LH:0
BRF:0
BRH:0
end_of_record
TN:
SF:D:\Software_Projects\MDLO\src\CompetentieAppFrontend\CompetentieAppFrontend.Api\ClientApp\src\test.ts
FNF:0
FNH:0
DA:13,1
DA:18,1
DA:20,1
LF:3
LH:3
BRF:0
BRH:0
end_of_record
TN:
SF:D:\Software_Projects\MDLO\src\CompetentieAppFrontend\CompetentieAppFrontend.Api\ClientApp\src\app\admin\audit-log\audit-log.component.ts
FN:25,(anonymous_3)
FN:28,(anonymous_4)
FN:32,(anonymous_5)
FN:41,(anonymous_6)
FN:42,(anonymous_7)
FN:44,(anonymous_8)
FN:51,(anonymous_9)
FN:57,(anonymous_10)
FN:63,(anonymous_11)
FNF:9
FNH:7
FNDA:2,(anonymous_3)
FNDA:2,(anonymous_4)
FNDA:2,(anonymous_5)
FNDA:2,(anonymous_6)
FNDA:0,(anonymous_7)
FNDA:2,(anonymous_8)
FNDA:3,(anonymous_9)
FNDA:3,(anonymous_10)
FNDA:0,(anonymous_11)
DA:16,1
DA:18,2
DA:20,2
DA:22,1
DA:23,1
DA:25,2
DA:29,2
DA:33,2
DA:34,0
DA:35,0
DA:37,2
DA:42,2
DA:43,0
DA:44,2
DA:48,2
DA:52,3
DA:53,3
DA:54,3
DA:58,3
DA:59,0
DA:64,0
LF:21
LH:16
BRDA:33,0,0,0
BRDA:33,0,1,2
BRDA:58,1,0,0
BRDA:58,1,1,3
BRF:4
BRH:2
end_of_record
TN:
SF:D:\Software_Projects\MDLO\src\CompetentieAppFrontend\CompetentieAppFrontend.Api\ClientApp\src\app\admin\audit-log\audit-popup\audit-popup.component.ts
FN:11,(anonymous_5)
FN:14,(anonymous_6)
FNF:2
FNH:2
FNDA:1,(anonymous_5)
FNDA:1,(anonymous_6)
DA:9,1
DA:11,1
LF:2
LH:2
BRF:0
BRH:0
end_of_record
TN:
SF:D:\Software_Projects\MDLO\src\CompetentieAppFrontend\CompetentieAppFrontend.Api\ClientApp\src\app\competencies\competencies.component.ts
FN:29,(anonymous_3)
FN:32,(anonymous_4)
FN:36,(anonymous_5)
FN:47,(anonymous_6)
FN:51,(anonymous_7)
FN:55,(anonymous_8)
FN:60,(anonymous_9)
FN:63,(anonymous_10)
FN:65,(anonymous_11)
FN:70,(anonymous_12)
FN:79,(anonymous_13)
FN:83,(anonymous_14)
FN:87,(anonymous_15)
FN:91,(anonymous_16)
FN:96,(anonymous_17)
FN:106,(anonymous_18)
FNF:16
FNH:15
FNDA:11,(anonymous_3)
FNDA:11,(anonymous_4)
FNDA:11,(anonymous_5)
FNDA:12,(anonymous_6)
FNDA:34,(anonymous_7)
FNDA:11,(anonymous_8)
FNDA:1,(anonymous_9)
FNDA:0,(anonymous_10)
FNDA:1,(anonymous_11)
FNDA:2,(anonymous_12)
FNDA:6,(anonymous_13)
FNDA:1,(anonymous_14)
FNDA:2,(anonymous_15)
FNDA:1,(anonymous_16)
FNDA:2,(anonymous_17)
FNDA:6,(anonymous_18)
DA:12,1
DA:13,11
DA:14,11
DA:15,11
DA:17,11
DA:19,11
DA:20,11
DA:21,11
DA:22,11
DA:23,11
DA:24,11
DA:29,11
DA:33,11
DA:37,11
DA:39,11
DA:40,33
DA:41,33
DA:42,33
DA:44,11
DA:48,12
DA:52,34
DA:56,11
DA:61,1
DA:63,1
DA:64,0
DA:65,1
DA:71,2
DA:72,1
DA:74,1
DA:76,2
DA:80,6
DA:84,1
DA:88,2
DA:92,1
DA:93,1
DA:97,2
DA:98,1
DA:99,1
DA:101,1
DA:102,1
DA:108,6
DA:111,6
DA:113,1
DA:114,1
DA:116,1
DA:117,1
DA:119,1
DA:120,1
DA:122,3
DA:123,3
LF:50
LH:49
BRDA:71,0,0,1
BRDA:71,0,1,1
BRDA:97,1,0,1
BRDA:97,1,1,1
BRDA:112,2,0,1
BRDA:112,2,1,1
BRDA:112,2,2,1
BRDA:112,2,3,3
BRF:8
BRH:8
end_of_record
TN:
SF:D:\Software_Projects\MDLO\src\CompetentieAppFrontend\CompetentieAppFrontend.Api\ClientApp\src\app\competencies\competence-matrix\competence-matrix.component.ts
FN:24,(anonymous_3)
FN:27,(anonymous_4)
FN:30,(anonymous_5)
FN:34,(anonymous_6)
FN:43,(anonymous_7)
FN:51,(anonymous_8)
FN:56,(anonymous_9)
FN:61,(anonymous_10)
FN:67,(anonymous_11)
FN:73,(anonymous_12)
FN:83,(anonymous_13)
FN:89,(anonymous_14)
FN:96,(anonymous_15)
FNF:13
FNH:13
FNDA:18,(anonymous_3)
FNDA:18,(anonymous_4)
FNDA:11,(anonymous_5)
FNDA:15,(anonymous_6)
FNDA:5,(anonymous_7)
FNDA:4,(anonymous_8)
FNDA:4,(anonymous_9)
FNDA:4,(anonymous_10)
FNDA:4,(anonymous_11)
FNDA:4,(anonymous_12)
FNDA:8,(anonymous_13)
FNDA:10,(anonymous_14)
FNDA:4,(anonymous_15)
DA:8,1
DA:10,1
DA:11,1
DA:13,18
DA:14,18
DA:15,18
DA:31,11
DA:35,15
DA:36,4
DA:37,4
DA:38,4
DA:39,4
DA:44,5
DA:45,30
DA:46,180
DA:52,4
DA:57,4
DA:58,4
DA:62,4
DA:63,20
DA:68,4
DA:69,20
DA:74,4
DA:75,20
DA:76,100
DA:77,8
DA:84,8
DA:85,8
DA:86,8
DA:90,10
DA:91,1
DA:93,9
DA:97,4
DA:99,4
DA:101,1
DA:103,1
DA:105,1
DA:107,1
LF:38
LH:38
BRDA:35,0,0,4
BRDA:35,0,1,11
BRDA:76,1,0,8
BRDA:76,1,1,92
BRDA:90,2,0,1
BRDA:90,2,1,9
BRDA:100,3,0,1
BRDA:100,3,1,1
BRDA:100,3,2,1
BRDA:100,3,3,1
BRF:10
BRH:10
end_of_record
TN:
SF:D:\Software_Projects\MDLO\src\CompetentieAppFrontend\CompetentieAppFrontend.Api\ClientApp\src\app\modules\modules.component.ts
FN:30,(anonymous_3)
FN:33,(anonymous_4)
FN:40,(anonymous_5)
FN:45,(anonymous_6)
FN:46,(anonymous_7)
FN:49,(anonymous_8)
FN:55,(anonymous_9)
FN:71,(anonymous_10)
FN:76,(anonymous_11)
FN:86,(anonymous_12)
FN:90,(anonymous_13)
FN:96,(anonymous_14)
FN:100,(anonymous_15)
FN:106,(anonymous_16)
FN:110,(anonymous_17)
FN:115,(anonymous_18)
FN:121,(anonymous_19)
FN:122,(anonymous_20)
FN:128,(anonymous_21)
FNF:19
FNH:14
FNDA:5,(anonymous_3)
FNDA:5,(anonymous_4)
FNDA:7,(anonymous_5)
FNDA:5,(anonymous_6)
FNDA:0,(anonymous_7)
FNDA:5,(anonymous_8)
FNDA:1,(anonymous_9)
FNDA:5,(anonymous_10)
FNDA:7,(anonymous_11)
FNDA:7,(anonymous_12)
FNDA:6,(anonymous_13)
FNDA:6,(anonymous_14)
FNDA:1,(anonymous_15)
FNDA:1,(anonymous_16)
FNDA:5,(anonymous_17)
FNDA:0,(anonymous_18)
FNDA:0,(anonymous_19)
FNDA:0,(anonymous_20)
FNDA:0,(anonymous_21)
DA:17,1
DA:18,5
DA:21,5
DA:22,5
DA:23,5
DA:25,5
DA:26,5
DA:28,1
DA:30,5
DA:34,5
DA:35,5
DA:36,5
DA:37,5
DA:41,7
DA:46,5
DA:47,0
DA:48,0
DA:49,5
DA:56,1
DA:57,3
DA:71,1
DA:72,5
DA:73,5
DA:77,7
DA:78,6
DA:79,6
DA:81,1
DA:82,1
DA:87,7
DA:91,6
DA:92,5
DA:97,6
DA:101,1
DA:102,1
DA:107,1
DA:111,5
DA:112,5
DA:116,0
DA:117,0
DA:118,0
DA:122,0
DA:123,0
DA:129,0
LF:43
LH:35
BRDA:77,0,0,6
BRDA:77,0,1,1
BRDA:91,1,0,5
BRDA:91,1,1,1
BRDA:101,2,0,1
BRDA:101,2,1,0
BRDA:123,3,0,0
BRDA:123,3,1,0
BRDA:123,3,2,0
BRF:9
BRH:5
end_of_record
TN:
SF:D:\Software_Projects\MDLO\src\CompetentieAppFrontend\CompetentieAppFrontend.Api\ClientApp\src\app\modules\module-popup\module-popup.component.ts
FN:11,(anonymous_5)
FN:14,(anonymous_6)
FNF:2
FNH:2
FNDA:1,(anonymous_5)
FNDA:1,(anonymous_6)
DA:9,1
DA:11,1
LF:2
LH:2
BRF:0
BRH:0
end_of_record
TN:
SF:D:\Software_Projects\MDLO\src\CompetentieAppFrontend\CompetentieAppFrontend.Api\ClientApp\src\app\nav-menu\nav-menu.component.ts
FN:8,(anonymous_2)
FN:11,(anonymous_3)
FN:15,(anonymous_4)
FNF:3
FNH:1
FNDA:3,(anonymous_2)
FNDA:0,(anonymous_3)
FNDA:0,(anonymous_4)
DA:8,1
DA:9,3
DA:12,0
DA:16,0
LF:4
LH:2
BRF:0
BRH:0
end_of_record
